"normal_lift-rfile"
"Time Step" "normal_lift"
("Time Step" "normal_lift" )
1 1.121731519699097
2 3.078976154327393
3 5.520443439483643
4 9.693909645080566
5 3.59607720375061
6 74.46480560302734
7 108.9682540893555
8 116.5336837768555
9 101.0172576904297
10 -32.30502319335938
11 68.0745849609375
12 -0.09083472937345505
13 -8.314656257629395
14 10.97059726715088
15 -3.552011966705322
16 379.5665588378906
17 494.3116760253906
18 554.5429077148438
19 490.6021118164063
20 106.4638442993164
21 115.6704483032227
22 -21.77589416503906
23 -62.07057189941406
24 95.65677642822266
25 265.5237121582031
26 793.3518676757813
27 894.1309204101563
28 879.1809692382813
29 737.84716796875
30 352.8545532226563
31 284.2991638183594
32 268.3606262207031
33 445.9517517089844
34 783.7294311523438
35 1368.692626953125
36 1643.583251953125
37 1516.959838867188
38 1264.083740234375
39 878.1396484375
40 539.8753051757813
