"momentx_cg-rfile"
"Time Step" "momentx_cg"
("Time Step" "momentx_cg" )
1 -0.4292503595352173
2 -0.8855319619178772
3 -2.038721799850464
4 -4.760757923126221
5 0.9457058906555176
6 -15.15886688232422
7 -33.26080703735352
8 -34.75174331665039
9 -48.22557067871094
10 10.65823745727539
11 -62.86127853393555
12 -30.6724853515625
13 -9.046527862548828
14 -1.396432757377625
15 148.1781921386719
16 -123.3374481201172
17 -231.4174499511719
18 -311.7310485839844
19 -327.2876586914063
20 -91.98541259765625
21 -156.9951019287109
22 -50.1729621887207
23 27.08115768432617
24 5.077224731445313
25 272.4619445800781
26 -254.7536315917969
27 -474.7736511230469
28 -607.4296875
29 -621.7347412109375
30 -315.0282287597656
31 -334.1004943847656
32 -217.2268371582031
33 -183.1708374023438
34 -298.2815551757813
35 -327.2984924316406
36 -870.56103515625
37 -1115.391723632813
38 -1182.136474609375
39 -1010.763671875
40 -684.760009765625
