"report-file-0"
"Time Step" "drag_report etc.."
("Time Step" "drag_report" "lift_report" )
1 12.37215614318848 -112.0306243896484
2 12.39211750030518 -80.91777801513672
3 12.74721431732178 -89.31202697753906
4 13.15948581695557 -97.20893859863281
5 13.63645553588867 -104.2785720825195
6 14.14601707458496 -110.4600296020508
7 14.67720317840576 -116.0279006958008
8 15.21900081634522 -120.9513626098633
9 15.75863265991211 -125.4131774902344
10 16.31743240356445 -129.7274322509766
11 16.89550971984863 -134.1026000976563
12 17.49598503112793 -138.6134490966797
13 18.12068557739258 -143.3312530517578
14 18.77037239074707 -148.2596282958984
15 19.43923950195313 -153.2863464355469
16 20.12285995483398 -158.405517578125
17 20.83492279052734 -163.6366882324219
18 21.56472396850586 -168.8634948730469
19 22.30023956298828 -174.0360717773438
20 23.04980087280273 -179.1931762695313
21 23.81179428100586 -184.3360137939453
22 24.58980941772461 -189.464599609375
23 25.38294982910156 -194.6640319824219
24 26.19380760192871 -199.8597106933594
25 27.00991249084473 -205.072021484375
26 27.84996223449707 -210.4016265869141
27 28.70485305786133 -215.7965850830078
28 29.57067680358887 -221.1835327148438
29 30.45064353942871 -226.6068572998047
30 31.3412036895752 -232.0490264892578
31 32.23991394042969 -237.4895782470703
32 33.1517448425293 -242.9596099853516
33 34.08294677734375 -248.4667358398438
34 35.02952575683594 -253.9836273193359
35 35.9777717590332 -259.46044921875
36 36.95329666137695 -265.0448608398438
37 37.93637084960938 -270.617431640625
38 38.93378448486328 -276.2233581542969
39 39.9385986328125 -281.8457336425781
40 40.96239471435547 -287.5184936523438
41 41.98677825927734 -293.1987915039063
42 43.030517578125 -298.9059753417969
43 44.08272933959961 -304.6392211914063
44 45.15119934082031 -310.3819580078125
45 46.24052429199219 -316.1703491210938
46 47.33278656005859 -321.9218139648438
47 48.44689178466797 -327.7207336425781
48 49.56161880493164 -333.4597473144531
49 50.70581817626953 -339.2817077636719
50 51.87137985229492 -345.1385803222656
51 53.03410720825195 -350.9572448730469
52 54.21626281738281 -356.8288269042969
53 55.41659545898438 -362.719482421875
54 56.62774276733398 -368.6079711914063
55 57.86087417602539 -374.531494140625
56 59.11067962646484 -380.4757080078125
57 60.36756896972656 -386.4171142578125
58 61.64922332763672 -392.3887329101563
59 62.93746566772461 -398.3370361328125
60 64.23643493652344 -404.2716674804688
61 65.57260131835938 -410.2486877441406
62 66.91315460205078 -416.2189025878906
63 68.28663635253906 -422.2411499023438
64 69.66867828369141 -428.2756652832031
65 71.09040832519531 -434.3171081542969
66 72.55123901367188 -440.4103393554688
67 74.0281982421875 -446.5013427734375
68 75.53611755371094 -452.6109008789063
69 77.13921356201172 -458.8576049804688
70 78.76838684082031 -465.0546875
71 80.45142364501953 -471.2396850585938
72 82.15454864501953 -477.42431640625
73 84.0069580078125 -483.833740234375
74 86.01121520996094 -490.4060974121094
75 88.24016571044922 -497.2204284667969
76 90.74422454833984 -504.2890930175781
77 93.63561248779297 -511.7442626953125
78 97.21969604492188 -519.9765625
79 101.4156799316406 -528.4161376953125
80 106.2038345336914 -537.4652709960938
81 111.7666015625 -547.2272338867188
82 117.4027633666992 -556.591064453125
83 122.8717880249023 -564.7466430664063
84 128.4815216064453 -572.4805297851563
85 133.7630004882813 -579.1089477539063
86 139.4042053222656 -586.1429443359375
87 145.6788940429688 -594.1010131835938
88 152.738525390625 -603.11279296875
89 160.5126495361328 -612.87646484375
90 169.6498870849609 -624.4268798828125
91 178.4009399414063 -634.2786865234375
92 186.8975219726563 -643.219970703125
93 195.2091674804688 -651.6906127929688
94 203.4415130615234 -659.9669189453125
95 211.5330963134766 -667.9041748046875
96 219.4018707275391 -675.4555053710938
97 227.1245880126953 -682.585205078125
98 234.8408508300781 -689.6698608398438
99 242.3735198974609 -696.422607421875
100 249.8209533691406 -703.0121459960938
